d:\cs162_project\project\x64\debug\vc142.pdb
d:\cs162_project\project\x64\debug\vc142.idb
d:\cs162_project\project\x64\debug\functioniexport.obj
d:\cs162_project\project\x64\debug\sha256.obj
d:\cs162_project\project\x64\debug\pointersdeletion.obj
d:\cs162_project\project\x64\debug\main.obj
d:\cs162_project\project\x64\debug\functionstudent.obj
d:\cs162_project\project\x64\debug\functionstaff.obj
d:\cs162_project\project\x64\debug\functionlecturer.obj
d:\cs162_project\project\x64\debug\functioninitialization.obj
d:\cs162_project\project\x64\debug\functionfinalization.obj
d:\cs162_project\project\x64\debug\functionallroles.obj
d:\cs162_project\project\x64\debug\function.obj
d:\cs162_project\x64\debug\project.ilk
d:\cs162_project\x64\debug\project.exe
d:\cs162_project\x64\debug\project.pdb
d:\cs162_project\project\x64\debug\project.tlog\cl.command.1.tlog
d:\cs162_project\project\x64\debug\project.tlog\cl.read.1.tlog
d:\cs162_project\project\x64\debug\project.tlog\cl.write.1.tlog
d:\cs162_project\project\x64\debug\project.tlog\link.command.1.tlog
d:\cs162_project\project\x64\debug\project.tlog\link.read.1.tlog
d:\cs162_project\project\x64\debug\project.tlog\link.write.1.tlog
